<?xml version="1.0" encoding="UTF-8"?>
<testsuite xmlns:xsi="http://www.w3.org/2001/XMLSchema-instance" xsi:noNamespaceSchemaLocation="https://maven.apache.org/surefire/maven-surefire-plugin/xsd/surefire-test-report-3.0.xsd" version="3.0" name="vigiaquinze.repository.ReservaRepositoryTest" time="0.019" tests="6" errors="0" skipped="0" failures="0">
  <properties>
[...]
</properties>
  <testcase name="testBuscarReserva" classname="vigiaquinze.repository.ReservaRepositoryTest" time="0.005"/>
  <testcase name="testDeletarReserva" classname="vigiaquinze.repository.ReservaRepositoryTest" time="0.001"/>
  <testcase name="testAdicionarReserva" classname="vigiaquinze.repository.ReservaRepositoryTest" time="0.001"/>
  <testcase name="testListarReservas" classname="vigiaquinze.repository.ReservaRepositoryTest" time="0.001"/>
  <testcase name="testVerificarHorarioDisponivel" classname="vigiaquinze.repository.ReservaRepositoryTest" time="0.004"/>
  <testcase name="testAtualizarReserva" classname="vigiaquinze.repository.ReservaRepositoryTest" time="0.001"/>
</testsuite>